\BOOKMARK [1][-]{section.1}{\376\377\000.\000\040\000I\000n\000t\000r\000o\000d\000u\000c\000t\000i\000o\000n}{}% 1
\BOOKMARK [1][-]{section.2}{\376\377\000.\000\040\000P\000a\000r\000t\000\040\0001\000:\000\040\000O\000b\000j\000e\000c\000t\000\040\000T\000r\000a\000c\000k\000i\000n\000g\000\040\000C\000o\000u\000r\000s\000e\000w\000o\000r\000k}{}% 2
\BOOKMARK [2][-]{subsection.2.1}{\376\377\000.\000\040\000C\000h\000a\000n\000g\000e\000\040\000D\000e\000t\000e\000c\000t\000i\000o\000n\000\040\000U\000s\000i\000n\000g\000\040\000G\000a\000u\000s\000s\000i\000a\000n\000\040\000M\000i\000x\000t\000u\000r\000e\000\040\000M\000o\000d\000e\000l\000s\000\040\000\050\000G\000M\000M\000\051}{section.2}% 3
\BOOKMARK [3][-]{subsubsection.2.1.1}{\376\377\000E\000x\000p\000l\000a\000n\000a\000t\000i\000o\000n\000s}{subsection.2.1}% 4
\BOOKMARK [3][-]{subsubsection.2.1.2}{\376\377\000I\000m\000p\000l\000e\000m\000e\000n\000t\000a\000t\000i\000o\000n}{subsection.2.1}% 5
\BOOKMARK [3][-]{subsubsection.2.1.3}{\376\377\000E\000v\000a\000l\000u\000a\000t\000i\000o\000n\000\040\000/\000\040\000T\000e\000s\000t\000i\000n\000g}{subsection.2.1}% 6
\BOOKMARK [3][-]{subsubsection.2.1.4}{\376\377\000D\000i\000s\000c\000u\000s\000s\000i\000o\000n}{subsection.2.1}% 7
\BOOKMARK [2][-]{subsection.2.2}{\376\377\000.\000\040\000F\000u\000r\000t\000h\000e\000r\000\040\000E\000x\000p\000e\000r\000i\000m\000e\000n\000t\000s}{section.2}% 8
\BOOKMARK [2][-]{subsection.2.3}{\376\377\000.\000\040\000C\000u\000s\000t\000o\000m\000\040\000L\000u\000c\000a\000s\000-\000K\000a\000n\000a\000d\000e\000\040\000O\000p\000t\000i\000c\000a\000l\000\040\000F\000l\000o\000w\000\040\000\050\000w\000i\000t\000h\000\040\000O\000p\000e\000n\000C\000V\000\040\000G\000M\000M\000\051}{section.2}% 9
\BOOKMARK [3][-]{subsubsection.2.3.1}{\376\377\000E\000x\000p\000l\000a\000n\000a\000t\000i\000o\000n\000s}{subsection.2.3}% 10
\BOOKMARK [3][-]{subsubsection.2.3.2}{\376\377\000I\000m\000p\000l\000e\000m\000e\000n\000t\000a\000t\000i\000o\000n}{subsection.2.3}% 11
\BOOKMARK [3][-]{subsubsection.2.3.3}{\376\377\000E\000v\000a\000l\000u\000a\000t\000i\000o\000n\000\040\000/\000\040\000T\000e\000s\000t\000i\000n\000g}{subsection.2.3}% 12
\BOOKMARK [3][-]{subsubsection.2.3.4}{\376\377\000D\000i\000s\000c\000u\000s\000s\000i\000o\000n}{subsection.2.3}% 13
\BOOKMARK [2][-]{subsection.2.4}{\376\377\000.\000\040\000F\000u\000r\000t\000h\000e\000r\000\040\000E\000x\000p\000e\000r\000i\000m\000e\000n\000t\000s}{section.2}% 14
\BOOKMARK [2][-]{subsection.2.5}{\376\377\000.\000\040\000T\000e\000m\000p\000l\000a\000t\000e\000\040\000M\000a\000t\000c\000h\000i\000n\000g\000\040\000f\000o\000r\000\040\000O\000b\000j\000e\000c\000t\000\040\000T\000r\000a\000c\000k\000i\000n\000g}{section.2}% 15
\BOOKMARK [3][-]{subsubsection.2.5.1}{\376\377\000E\000x\000p\000l\000a\000n\000a\000t\000i\000o\000n\000s}{subsection.2.5}% 16
\BOOKMARK [3][-]{subsubsection.2.5.2}{\376\377\000I\000m\000p\000l\000e\000m\000e\000n\000t\000a\000t\000i\000o\000n}{subsection.2.5}% 17
\BOOKMARK [3][-]{subsubsection.2.5.3}{\376\377\000E\000v\000a\000l\000u\000a\000t\000i\000o\000n\000\040\000/\000\040\000T\000e\000s\000t\000i\000n\000g}{subsection.2.5}% 18
\BOOKMARK [3][-]{subsubsection.2.5.4}{\376\377\000D\000i\000s\000c\000u\000s\000s\000i\000o\000n}{subsection.2.5}% 19
\BOOKMARK [2][-]{subsection.2.6}{\376\377\000.\000\040\000F\000u\000r\000t\000h\000e\000r\000\040\000E\000x\000p\000e\000r\000i\000m\000e\000n\000t\000s}{section.2}% 20
\BOOKMARK [2][-]{subsection.2.7}{\376\377\000.\000\040\000I\000m\000p\000r\000o\000v\000i\000n\000g\000\040\000T\000e\000m\000p\000l\000a\000t\000e\000\040\000M\000a\000t\000c\000h\000i\000n\000g}{section.2}% 21
\BOOKMARK [3][-]{subsubsection.2.7.1}{\376\377\000E\000x\000p\000l\000a\000n\000a\000t\000i\000o\000n\000s}{subsection.2.7}% 22
\BOOKMARK [3][-]{subsubsection.2.7.2}{\376\377\000I\000m\000p\000l\000e\000m\000e\000n\000t\000a\000t\000i\000o\000n}{subsection.2.7}% 23
\BOOKMARK [3][-]{subsubsection.2.7.3}{\376\377\000E\000v\000a\000l\000u\000a\000t\000i\000o\000n\000\040\000/\000\040\000T\000e\000s\000t\000i\000n\000g}{subsection.2.7}% 24
\BOOKMARK [3][-]{subsubsection.2.7.4}{\376\377\000D\000i\000s\000c\000u\000s\000s\000i\000o\000n}{subsection.2.7}% 25
\BOOKMARK [2][-]{subsection.2.8}{\376\377\000.\000\040\000F\000u\000r\000t\000h\000e\000r\000\040\000E\000x\000p\000e\000r\000i\000m\000e\000n\000t\000s}{section.2}% 26
\BOOKMARK [1][-]{section.3}{\376\377\000.\000\040\000P\000a\000r\000t\000\040\0002\000:\000\040\0003\000D\000\040\000R\000e\000n\000d\000e\000r\000i\000n\000g\000\040\000C\000o\000u\000r\000s\000e\000w\000o\000r\000k}{}% 27
\BOOKMARK [2][-]{subsection.3.1}{\376\377\000.\000\040\000R\000o\000t\000a\000t\000e\000\040\000t\000h\000e\000\040\000C\000u\000b\000e}{section.3}% 28
\BOOKMARK [3][-]{subsubsection.3.1.1}{\376\377\000E\000x\000p\000l\000a\000n\000a\000t\000i\000o\000n\000s}{subsection.3.1}% 29
\BOOKMARK [3][-]{subsubsection.3.1.2}{\376\377\000I\000m\000p\000l\000e\000m\000e\000n\000t\000a\000t\000i\000o\000n}{subsection.3.1}% 30
\BOOKMARK [3][-]{subsubsection.3.1.3}{\376\377\000E\000v\000a\000l\000u\000a\000t\000i\000o\000n\000\040\000/\000\040\000T\000e\000s\000t\000i\000n\000g}{subsection.3.1}% 31
\BOOKMARK [3][-]{subsubsection.3.1.4}{\376\377\000D\000i\000s\000c\000u\000s\000s\000i\000o\000n}{subsection.3.1}% 32
\BOOKMARK [2][-]{subsection.3.2}{\376\377\000.\000\040\000F\000u\000r\000t\000h\000e\000r\000\040\000E\000x\000p\000e\000r\000i\000m\000e\000n\000t\000s}{section.3}% 33
\BOOKMARK [1][-]{section.4}{\376\377\000.\000\040\000S\000u\000m\000m\000a\000r\000y}{}% 34
\BOOKMARK [1][-]{appendix.A}{\376\377\000.\000\040\000A\000p\000p\000e\000n\000d\000i\000x}{}% 35
